Arguments: 
  /home/volkovich/.nvm/versions/node/v6.9.1/bin/node /usr/share/yarn/bin/yarn.js

PATH: 
  /home/volkovich/.yarn/bin:/home/volkovich/.nvm/versions/node/v6.9.1/bin:/home/volkovich/.yarn/bin:/home/volkovich/bin:/home/volkovich/.local/bin:/usr/local/sbin:/usr/local/bin:/usr/sbin:/usr/bin:/sbin:/bin:/usr/games:/usr/local/games:/snap/bin:/home/volkovich/.cask/bin:/home/volkovich/.cask/bin

Yarn version: 
  0.19.0-20161214.0609

Node version: 
  6.9.1

Platform: 
  linux x64

npm manifest: 
  {
    "name": "opuscapita-react-ui-overlays",
    "version": "1.0.4",
    "description": "Start write new project with no effort.",
    "scripts": {
      "npm-build": "rimraf lib && babel --copy-files --no-babelrc --presets es2015,stage-0,react --plugins transform-decorators-legacy --ignore __tests__,*.spec.js,demo src/client/components --out-dir lib",
      "link-mode": "webpack --watch --config ./webpack.link.config.js",
      "lint": "eslint src/client",
      "start": "nodemon --watch www www/index --exec babel-node --presets es2015,stage-0,react --plugins transform-decorators-legacy",
      "npm-publish": "npm run npm-build && npm-publish",
      "publish-snapshot": "npm run npm-publish",
      "publish-release": "npm run npm-publish -- --release"
    },
    "main": "lib/index.js",
    "files": [
      "lib",
      "README.md"
    ],
    "license": "UNLICENSED",
    "readme": "README.md",
    "repository": {
      "type": "git",
      "url": "https://github.com/OpusCapitaBES/js-react-ui-overlays"
    },
    "peerDependencies": {
      "react": "0.14.8",
      "react-dom": "0.14.8"
    },
    "devDependencies": {
      "autoprefixer": "6.4.1",
      "babel-cli": "6.5.1",
      "babel-core": "6.4.0",
      "babel-eslint": "6.0.4",
      "babel-loader": "6.2.1",
      "babel-plugin-transform-decorators-legacy": "1.3.4",
      "babel-plugin-transform-object-assign": "6.8.0",
      "babel-preset-es2015": "6.3.13",
      "babel-preset-react": "6.3.13",
      "babel-preset-stage-0": "6.3.13",
      "babel-register": "6.5.2",
      "babel-standalone": "6.14.0",
      "compression": "1.6.2",
      "cross-env": "1.0.7",
      "css-loader": "0.21.0",
      "eslint": "2.11.0",
      "eslint-plugin-react": "5.1.1",
      "express": "4.13.4",
      "file-loader": "0.9.0",
      "json-loader": "0.5.4",
      "less": "2.3.1",
      "less-loader": "2.2.2",
      "nodemon": "1.9.1",
      "eslint-config-opuscapita": "1.0.3",
      "opuscapita-npm-scripts": "1.0.5",
      "opuscapita-showroom-client": "1.0.10",
      "opuscapita-showroom-server": "1.0.10",
      "postcss-loader": "0.13.0",
      "raw-loader": "0.5.1",
      "rimraf": "2.5.2",
      "source-map-loader": "0.1.5",
      "style-loader": "0.13.1",
      "url-loader": "0.5.7",
      "webpack": "1.12.2",
      "webpack-dev-middleware": "1.5.1",
      "write-file-webpack-plugin": "3.3.0"
    },
    "dependencies": {
      "@opuscapita/react-ui-buttons": "1.0.1",
      "react-motion": "^0.4.5"
    }
  }

yarn manifest: 
  No manifest

Lockfile: 
  No lockfile

Trace: 
  Error: https://registry.yarnpkg.com/@opuscapita%2freact-ui-buttons: Not found
      at Request.params.callback [as _callback] (/usr/share/yarn/lib/util/request-manager.js:313:18)
      at Request.self.callback (/usr/share/yarn/node_modules/request/request.js:186:22)
      at emitTwo (events.js:106:13)
      at Request.emit (events.js:191:7)
      at Request.<anonymous> (/usr/share/yarn/node_modules/request/request.js:1081:10)
      at emitOne (events.js:96:13)
      at Request.emit (events.js:188:7)
      at IncomingMessage.<anonymous> (/usr/share/yarn/node_modules/request/request.js:1001:12)
      at IncomingMessage.g (events.js:291:16)
      at emitNone (events.js:91:20)
